<?xml version="1.0" encoding="UTF-8"?>
<!-- Generated by org.testng.reporters.JUnitXMLReporter -->
<testsuite hostname="SaranyaPC" ignored="0" name="Test" tests="6" failures="0" timestamp="2020-05-17T18:48:35 IST" time="0.052" errors="0">
  <testcase name="nativeAndroidApp" time="0.005" classname="qaclickacademy.AppiumTest"/>
  <testcase name="nativeIOSApp" time="0.0" classname="qaclickacademy.AppiumTest"/>
  <testcase name="browserAutomation" time="0.0" classname="qaclickacademy.SeleniumTest"/>
  <testcase name="elementsUI" time="0.001" classname="qaclickacademy.SeleniumTest"/>
  <testcase name="deleteTwitter" time="0.0" classname="qaclickacademy.RestAPITest"/>
  <testcase name="postJira" time="0.0" classname="qaclickacademy.RestAPITest"/>
</testsuite> <!-- Test -->
